Base path: 'C:/Program Files/Unity/Hub/Editor/2019.3.7f1/Editor/Data', plugins path 'C:/Program Files/Unity/Hub/Editor/2019.3.7f1/Editor/Data/PlaybackEngines'
Cmd: initializeCompiler
Cmd: preprocess
  insize=8800 outsize=1869 ok=1
Cmd: preprocess
  insize=1839 outsize=1122 ok=1
Cmd: preprocess
  insize=4573 outsize=525 ok=1
Cmd: preprocess
  insize=1304 outsize=315 ok=1
Cmd: preprocess
  insize=5466 outsize=496 ok=1
Cmd: preprocess
  insize=7844 outsize=2494 ok=1
Cmd: preprocess
  insize=4179 outsize=551 ok=1
Cmd: preprocess
  insize=1608 outsize=582 ok=1
Cmd: preprocess
  insize=1734 outsize=1041 ok=1
Cmd: preprocess
  insize=1546 outsize=547 ok=1
Cmd: preprocess
  insize=11393 outsize=688 ok=1
Cmd: preprocess
  insize=33494 outsize=323 ok=1
Cmd: preprocess
  insize=5401 outsize=730 ok=1
Cmd: preprocess
  insize=3608 outsize=1262 ok=1
Cmd: preprocess
  insize=1299 outsize=464 ok=1
Cmd: preprocess
  insize=1341 outsize=376 ok=1
Cmd: preprocess
  insize=2413 outsize=702 ok=1
Cmd: preprocess
  insize=4676 outsize=971 ok=1
Cmd: preprocess
  insize=2488 outsize=1211 ok=1
Cmd: preprocess
  insize=8043 outsize=2108 ok=1
Cmd: preprocess
  insize=3933 outsize=622 ok=1
Cmd: preprocess
  insize=6873 outsize=753 ok=1
Cmd: preprocess
  insize=1308 outsize=457 ok=1
Cmd: preprocess
  insize=2611 outsize=747 ok=1
Cmd: preprocess
  insize=5677 outsize=5041 ok=1
Cmd: preprocess
  insize=3039 outsize=804 ok=1
Cmd: preprocess
  insize=9770 outsize=2843 ok=1
Cmd: preprocess
  insize=1442 outsize=484 ok=1
Cmd: preprocess
  insize=1845 outsize=354 ok=1
Cmd: preprocess
  insize=4914 outsize=859 ok=1
Cmd: preprocess
  insize=983 outsize=404 ok=1
Cmd: preprocess
  insize=1039 outsize=322 ok=1
Cmd: preprocess
  insize=1157 outsize=548 ok=1
Cmd: preprocess
  insize=2230 outsize=1819 ok=1
Cmd: preprocess
  insize=1375 outsize=618 ok=1
Cmd: preprocess
  insize=2274 outsize=921 ok=1
Cmd: preprocess
  insize=452 outsize=452 ok=1
Cmd: preprocess
  insize=1991 outsize=459 ok=1
Cmd: preprocess
  insize=2631 outsize=1512 ok=1
Cmd: preprocess
  insize=11619 outsize=1694 ok=1
Cmd: preprocess
  insize=1242 outsize=362 ok=1
Cmd: preprocess
  insize=3615 outsize=2669 ok=1
Cmd: preprocess
  insize=13388 outsize=1778 ok=1
Cmd: preprocess
  insize=11237 outsize=2525 ok=1
Cmd: preprocess
  insize=1111 outsize=407 ok=1
Cmd: preprocess
  insize=5432 outsize=1822 ok=1
Cmd: preprocess
  insize=936 outsize=348 ok=1
Cmd: preprocess
  insize=1295 outsize=440 ok=1
Cmd: preprocess
  insize=13385 outsize=2427 ok=1
Cmd: preprocess
  insize=3814 outsize=2106 ok=1
Cmd: preprocess
  insize=2105 outsize=510 ok=1
Cmd: preprocess
  insize=1025 outsize=349 ok=1
Cmd: preprocess
  insize=1135 outsize=322 ok=1
Cmd: preprocess
  insize=2678 outsize=1259 ok=1
Cmd: preprocess
  insize=3431 outsize=955 ok=1
Cmd: preprocess
  insize=711 outsize=234 ok=1
Cmd: preprocess
  insize=1241 outsize=454 ok=1
Cmd: preprocess
  insize=1004 outsize=1807 ok=1
Cmd: preprocess
  insize=638 outsize=313 ok=1
Cmd: preprocess
  insize=1041 outsize=1216 ok=1
Cmd: preprocess
  insize=1393 outsize=460 ok=1
Cmd: preprocess
  insize=8581 outsize=2104 ok=1
Cmd: preprocess
  insize=1464 outsize=440 ok=1
Cmd: preprocess
  insize=1315 outsize=321 ok=1
Cmd: preprocess
  insize=1431 outsize=314 ok=1
Cmd: preprocess
  insize=674 outsize=287 ok=1
Cmd: preprocess
  insize=1385 outsize=361 ok=1
Cmd: preprocess
  insize=1106 outsize=407 ok=1
Cmd: preprocess
  insize=918 outsize=1537 ok=1
Cmd: preprocess
  insize=783 outsize=366 ok=1
Cmd: preprocess
  insize=4453 outsize=3687 ok=1
Cmd: preprocess
  insize=1068 outsize=363 ok=1
Cmd: preprocess
  insize=1676 outsize=1343 ok=1
Cmd: preprocess
  insize=1079 outsize=340 ok=1
Cmd: preprocess
  insize=3606 outsize=1310 ok=1
Cmd: preprocess
  insize=1097 outsize=958 ok=1
Cmd: preprocess
  insize=3915 outsize=418 ok=1
Cmd: preprocess
  insize=6503 outsize=930 ok=1
Cmd: preprocess
  insize=10875 outsize=4001 ok=1
Cmd: preprocess
  insize=5074 outsize=1591 ok=1
Cmd: preprocess
  insize=12991 outsize=2142 ok=1
Cmd: preprocess
  insize=2949 outsize=1143 ok=1
Cmd: preprocess
  insize=1458 outsize=458 ok=1
Cmd: preprocess
  insize=6059 outsize=1243 ok=1
Cmd: preprocess
  insize=1518 outsize=1819 ok=1
Cmd: preprocess
  insize=6190 outsize=5187 ok=1
Cmd: preprocess
  insize=1684 outsize=349 ok=1
Cmd: preprocess
  insize=1568 outsize=619 ok=1
Cmd: preprocess
  insize=6280 outsize=983 ok=1
Cmd: preprocess
  insize=2219 outsize=1023 ok=1
Cmd: preprocess
  insize=1416 outsize=344 ok=1
Cmd: preprocess
  insize=5321 outsize=845 ok=1
Cmd: preprocess
  insize=1222 outsize=456 ok=1
Cmd: preprocess
  insize=1683 outsize=1874 ok=1
Cmd: preprocess
  insize=3826 outsize=1801 ok=1
Cmd: preprocess
  insize=2091 outsize=486 ok=1
Cmd: preprocess
  insize=807 outsize=212 ok=1
Cmd: preprocess
  insize=3117 outsize=508 ok=1
Cmd: preprocess
  insize=855 outsize=358 ok=1
Cmd: preprocess
  insize=692 outsize=285 ok=1
Cmd: preprocess
  insize=1745 outsize=1632 ok=1
Cmd: preprocess
  insize=2169 outsize=727 ok=1
Cmd: preprocess
  insize=3765 outsize=662 ok=1
Cmd: preprocess
  insize=6345 outsize=700 ok=1
Cmd: preprocess
  insize=5890 outsize=819 ok=1
Cmd: preprocess
  insize=4852 outsize=528 ok=1
Cmd: preprocess
  insize=2923 outsize=729 ok=1
Cmd: preprocess
  insize=1508 outsize=724 ok=1
Cmd: preprocess
  insize=24984 outsize=3684 ok=1
Cmd: preprocess
  insize=8019 outsize=2766 ok=1
Cmd: preprocess
  insize=2576 outsize=1103 ok=1
Cmd: preprocess
  insize=9992 outsize=762 ok=1
Cmd: preprocess
  insize=1491 outsize=402 ok=1
Cmd: preprocess
  insize=2559 outsize=2136 ok=1
Cmd: preprocess
  insize=1375 outsize=505 ok=1
Cmd: preprocess
  insize=7009 outsize=305 ok=1
Cmd: preprocess
  insize=10864 outsize=3992 ok=1
Cmd: preprocess
  insize=1782 outsize=406 ok=1
Cmd: preprocess
  insize=3652 outsize=1674 ok=1
Cmd: preprocess
  insize=1727 outsize=949 ok=1
Cmd: preprocessCompute
  insize=2001 outsize=2007 ok=1
Cmd: preprocess
  insize=918 outsize=1537 ok=1
Cmd: preprocess
  insize=39883 outsize=2273 ok=1
Cmd: preprocess
  insize=555 outsize=331 ok=1
Cmd: preprocess
  insize=5455 outsize=705 ok=1
Cmd: preprocess
  insize=338 outsize=338 ok=1
Cmd: preprocess
  insize=4543 outsize=467 ok=1
Cmd: preprocess
  insize=7870 outsize=2504 ok=1
Cmd: preprocess
  insize=1101 outsize=1489 ok=1
Cmd: preprocess
  insize=1101 outsize=1489 ok=1
Cmd: preprocess
  insize=12790 outsize=2409 ok=1
Cmd: preprocess
  insize=33485 outsize=324 ok=1
Cmd: preprocess
  insize=28365 outsize=3081 ok=1
Cmd: preprocess
  insize=6808 outsize=814 ok=1
Cmd: preprocess
  insize=2420 outsize=1129 ok=1
